<?xml version="1.0" encoding="UTF-8"?>
<testng-results ignored="0" total="1" passed="1" failed="0" skipped="0">
  <reporter-output>
  </reporter-output>
  <suite started-at="2021-09-09T12:46:03 IST" name="Default suite" finished-at="2021-09-09T12:46:05 IST" duration-ms="2050">
    <groups>
    </groups>
    <test started-at="2021-09-09T12:46:03 IST" name="Default test" finished-at="2021-09-09T12:46:05 IST" duration-ms="2050">
      <class name="Automatewebpage">
        <test-method signature="automate()[pri:0, instance:Automatewebpage@524d6d96]" started-at="2021-09-09T12:46:03 IST" name="automate" finished-at="2021-09-09T12:46:05 IST" duration-ms="2028" status="PASS">
          <reporter-output>
          </reporter-output>
        </test-method> <!-- automate -->
      </class> <!-- Automatewebpage -->
    </test> <!-- Default test -->
  </suite> <!-- Default suite -->
</testng-results>
